tol=1.0e-04, sigma=2.0, host=unkno, nav=4, nbrs=2, l_repulse=5.000, l_tspring=1.000, l_nspring=0.500, l_intensity=0.200, l_curv=1.000
mom=0.00, dt=0.50
complete_dist_mat 0
rms 0
smooth_averages 0
remove_neg 0
ico_order 0
which_surface 0
target_radius 0.000000
nfields 0
scale 0.000000
desired_rms_height 0.000000
momentum 0.000000
nbhd_size 0
max_nbrs 0
niterations 25
nsurfaces 0
SURFACES 3
flags 262144 (40000)
use curv 0
no sulc 0
no rigid align 0
mris->nsize 2
mris->hemisphere 0
randomSeed 0

000: dt: 0.0000, sse=7651118.5, rms=9.514
001: dt: 0.5000, sse=7777315.5, rms=5.597 (41.169%)
002: dt: 0.5000, sse=8425285.0, rms=4.647 (16.980%)
003: dt: 0.5000, sse=9149362.0, rms=4.571 (1.641%)
004: dt: 0.5000, sse=9000789.0, rms=4.525 (1.004%)
005: dt: 0.2500, sse=6558712.5, rms=3.325 (26.517%)
006: dt: 0.2500, sse=6515734.0, rms=2.931 (11.860%)
007: dt: 0.2500, sse=6127538.5, rms=2.890 (1.393%)
008: dt: 0.1250, sse=5785428.5, rms=2.510 (13.131%)
009: dt: 0.1250, sse=5680407.5, rms=2.439 (2.843%)
010: dt: 0.1250, sse=5604745.0, rms=2.446 (-0.295%)
tol=1.0e-04, sigma=1.0, host=unkno, nav=2, nbrs=2, l_repulse=5.000, l_tspring=1.000, l_nspring=0.500, l_intensity=0.200, l_curv=1.000
mom=0.00, dt=0.50
000: dt: 0.0000, sse=6083783.0, rms=4.704
011: dt: 0.5000, sse=7054726.0, rms=4.613 (1.936%)
012: dt: 0.5000, sse=8350603.5, rms=4.559 (1.171%)
013: dt: 0.2500, sse=6775875.0, rms=3.191 (30.007%)
014: dt: 0.2500, sse=6463897.0, rms=2.800 (12.242%)
015: dt: 0.2500, sse=6258473.0, rms=2.704 (3.428%)
016: dt: 0.2500, sse=6286713.0, rms=2.683 (0.788%)
017: dt: 0.1250, sse=5832466.5, rms=2.246 (16.267%)
018: dt: 0.1250, sse=5734947.0, rms=2.171 (3.342%)
019: dt: 0.1250, sse=5665165.0, rms=2.186 (-0.694%)
tol=1.0e-04, sigma=0.5, host=unkno, nav=1, nbrs=2, l_repulse=5.000, l_tspring=1.000, l_nspring=0.500, l_intensity=0.200, l_curv=1.000
mom=0.00, dt=0.50
000: dt: 0.0000, sse=5887765.0, rms=3.380
020: dt: 0.2500, sse=5764483.0, rms=2.705 (19.961%)
021: dt: 0.2500, sse=5902640.0, rms=2.555 (5.572%)
022: dt: 0.2500, sse=6157696.5, rms=2.523 (1.238%)
023: dt: 0.1250, sse=5973386.5, rms=2.189 (13.251%)
024: dt: 0.1250, sse=5897355.0, rms=2.144 (2.044%)
tol=1.0e-04, sigma=0.2, host=unkno, nav=0, nbrs=2, l_repulse=5.000, l_tspring=1.000, l_nspring=0.500, l_intensity=0.200, l_curv=1.000
mom=0.00, dt=0.50
000: dt: 0.0000, sse=5954674.5, rms=2.652
025: dt: 0.2500, sse=6288549.0, rms=2.015 (24.000%)
026: dt: 0.2500, sse=6817593.5, rms=1.716 (14.868%)
027: dt: 0.2500, sse=6964991.0, rms=1.697 (1.095%)
028: dt: 0.1250, sse=6960945.5, rms=1.574 (7.236%)
029: dt: 0.1250, sse=6997139.5, rms=1.527 (2.965%)
