tol=1.0e-04, sigma=2.0, host=unkno, nav=4, nbrs=2, l_repulse=5.000, l_tspring=1.000, l_nspring=0.500, l_intensity=0.200, l_curv=1.000
mom=0.00, dt=0.50
complete_dist_mat 0
rms 0
smooth_averages 0
remove_neg 0
ico_order 0
which_surface 0
target_radius 0.000000
nfields 0
scale 0.000000
desired_rms_height 0.000000
momentum 0.000000
nbhd_size 0
max_nbrs 0
niterations 25
nsurfaces 0
SURFACES 3
flags 262144 (40000)
use curv 0
no sulc 0
no rigid align 0
mris->nsize 2
mris->hemisphere 1
randomSeed 0

000: dt: 0.0000, sse=5213685.0, rms=7.097
001: dt: 0.5000, sse=5474059.0, rms=4.052 (42.913%)
002: dt: 0.5000, sse=5900515.5, rms=3.170 (21.765%)
003: dt: 0.5000, sse=6405950.5, rms=3.016 (4.860%)
004: dt: 0.2500, sse=4902425.0, rms=2.351 (22.056%)
005: dt: 0.2500, sse=4348856.0, rms=2.035 (13.445%)
006: dt: 0.2500, sse=4206365.0, rms=1.942 (4.532%)
007: dt: 0.2500, sse=4108225.2, rms=1.910 (1.655%)
008: dt: 0.1250, sse=4044286.8, rms=1.858 (2.719%)
009: dt: 0.1250, sse=4014303.5, rms=1.848 (0.578%)
tol=1.0e-04, sigma=1.0, host=unkno, nav=2, nbrs=2, l_repulse=5.000, l_tspring=1.000, l_nspring=0.500, l_intensity=0.200, l_curv=1.000
mom=0.00, dt=0.50
000: dt: 0.0000, sse=4320078.5, rms=3.992
010: dt: 0.5000, sse=4865643.5, rms=2.958 (25.910%)
011: dt: 0.5000, sse=5814201.5, rms=2.951 (0.223%)
012: dt: 0.2500, sse=4568686.0, rms=2.018 (31.611%)
013: dt: 0.2500, sse=4471332.0, rms=1.755 (13.058%)
014: dt: 0.2500, sse=4271725.0, rms=1.736 (1.070%)
015: dt: 0.1250, sse=4212696.0, rms=1.656 (4.598%)
016: dt: 0.1250, sse=4176805.5, rms=1.650 (0.373%)
tol=1.0e-04, sigma=0.5, host=unkno, nav=1, nbrs=2, l_repulse=5.000, l_tspring=1.000, l_nspring=0.500, l_intensity=0.200, l_curv=1.000
mom=0.00, dt=0.50
000: dt: 0.0000, sse=4276948.0, rms=2.688
017: dt: 0.5000, sse=4649375.0, rms=2.645 (1.583%)
018: dt: 0.2500, sse=4644614.0, rms=1.800 (31.937%)
019: dt: 0.2500, sse=4578768.5, rms=1.678 (6.783%)
020: dt: 0.2500, sse=4460123.0, rms=1.661 (0.996%)
021: dt: 0.1250, sse=4397015.0, rms=1.580 (4.873%)
022: dt: 0.1250, sse=4363091.5, rms=1.576 (0.302%)
tol=1.0e-04, sigma=0.2, host=unkno, nav=0, nbrs=2, l_repulse=5.000, l_tspring=1.000, l_nspring=0.500, l_intensity=0.200, l_curv=1.000
mom=0.00, dt=0.50
000: dt: 0.0000, sse=4397894.0, rms=1.967
023: dt: 0.5000, sse=6275229.5, rms=1.924 (2.201%)
024: dt: 0.2500, sse=5146905.5, rms=1.559 (18.960%)
025: dt: 0.2500, sse=5508872.0, rms=1.352 (13.314%)
026: dt: 0.1250, sse=5425017.5, rms=1.287 (4.757%)
027: dt: 0.1250, sse=5266850.5, rms=1.224 (4.938%)
028: dt: 0.1250, sse=5266514.0, rms=1.220 (0.301%)
