dt=5.00e-06, momentum=0.80, tol=1.00e-05, niteratons=25
l_intensity = 1.0000
aligning input volume to GCA.
dt=5.00e-06, momentum=0.80, tol=1.00e-07, niteratons=25
l_intensity = 1.0000
aligning input volume to GCA.
dt=5.00e-06, momentum=0.80, tol=1.00e-05, niteratons=25
l_intensity = 1.0000
aligning input volume to GCA.
dt=5.00e-06, momentum=0.80, tol=1.00e-07, niteratons=25
l_intensity = 1.0000
aligning input volume to GCA.
dt=5.00e-06, momentum=0.80, tol=1.00e-05, niteratons=25
l_intensity = 1.0000
aligning input volume to GCA.
dt=5.00e-06, momentum=0.80, tol=1.00e-07, niteratons=25
l_intensity = 1.0000
aligning input volume to GCA.
dt=5.00e-06, momentum=0.80, tol=1.00e-05, niteratons=25
l_intensity = 1.0000
aligning input volume to GCA.
dt=5.00e-06, momentum=0.80, tol=1.00e-07, niteratons=25
l_intensity = 1.0000
aligning input volume to GCA.
dt=5.00e-06, momentum=0.80, tol=1.00e-05, niteratons=25
l_intensity = 1.0000
aligning input volume to GCA.
dt=5.00e-06, momentum=0.80, tol=1.00e-07, niteratons=25
l_intensity = 1.0000
aligning input volume to GCA.
dt=5.00e-06, momentum=0.80, tol=1.00e-05, niteratons=25
l_intensity = 1.0000
aligning input volume to GCA.
dt=5.00e-06, momentum=0.80, tol=1.00e-07, niteratons=25
l_intensity = 1.0000
aligning input volume to GCA.
dt=5.00e-06, momentum=0.80, tol=1.00e-05, niteratons=25
l_intensity = 1.0000
aligning input volume to GCA.
dt=5.00e-06, momentum=0.80, tol=1.00e-07, niteratons=25
l_intensity = 1.0000
aligning input volume to GCA.
dt=5.00e-06, momentum=0.80, tol=1.00e-05, niteratons=25
l_intensity = 1.0000
aligning input volume to GCA.
dt=5.00e-06, momentum=0.80, tol=1.00e-07, niteratons=25
l_intensity = 1.0000
aligning input volume to GCA.
dt=5.00e-06, momentum=0.80, tol=1.00e-05, niteratons=25
l_intensity = 1.0000
aligning input volume to GCA.
dt=5.00e-06, momentum=0.80, tol=1.00e-07, niteratons=25
l_intensity = 1.0000
aligning input volume to GCA.
dt=5.00e-06, momentum=0.80, tol=1.00e-05, niteratons=25
l_intensity = 1.0000
aligning input volume to GCA.
dt=5.00e-06, momentum=0.80, tol=1.00e-07, niteratons=25
l_intensity = 1.0000
aligning input volume to GCA.
dt=5.00e-06, momentum=0.80, tol=1.00e-05, niteratons=25
l_intensity = 1.0000
aligning input volume to GCA.
dt=5.00e-06, momentum=0.80, tol=1.00e-07, niteratons=25
l_intensity = 1.0000
aligning input volume to GCA.
dt=5.00e-06, momentum=0.80, tol=1.00e-05, niteratons=25
l_intensity = 1.0000
aligning input volume to GCA.
dt=5.00e-06, momentum=0.80, tol=1.00e-07, niteratons=25
l_intensity = 1.0000
aligning input volume to GCA.
dt=5.00e-06, momentum=0.80, tol=1.00e-05, niteratons=25
l_intensity = 1.0000
aligning input volume to GCA.
dt=5.00e-06, momentum=0.80, tol=1.00e-07, niteratons=25
l_intensity = 1.0000
aligning input volume to GCA.
<<<<<<< HEAD
dt=5.00e-06, momentum=0.80, tol=1.00e-05, niteratons=25
l_intensity = 1.0000
aligning input volume to GCA.
dt=5.00e-06, momentum=0.80, tol=1.00e-07, niteratons=25
l_intensity = 1.0000
aligning input volume to GCA.
014: rms = 4.009
015: rms = 4.005
016: rms = 4.005
017: rms = 4.003
018: rms = 4.003
019: rms = 4.002
020: rms = 4.002
dt=5.00e-06, momentum=0.80, tol=1.00e-05, niteratons=25
l_intensity = 1.0000
aligning input volume to GCA.
dt=5.00e-06, momentum=0.80, tol=1.00e-07, niteratons=25
l_intensity = 1.0000
aligning input volume to GCA.
=======
>>>>>>> 405c3f4369f0278384fef0b6e0af3f369cf68b44
